<?xml version="1.0" encoding="UTF-8"?>
<beans xmlns="http://www.springframework.org/schema/beans"
    xmlns:xsi="http://www.w3.org/2001/XMLSchema-instance"
    xmlns:jee="http://www.springframework.org/schema/jee"
    xmlns:beans="http://www.springframework.org/schema/beans"
    xmlns:context="http://www.springframework.org/schema/context"
    xmlns:tx="http://www.springframework.org/schema/tx"
    xsi:schemaLocation="
    http://www.springframework.org/schema/beans http://www.springframework.org/schema/beans/spring-beans.xsd
    http://www.springframework.org/schema/tx http://www.springframework.org/schema/tx/spring-tx-3.2.xsd
    http://www.springframework.org/schema/context http://www.springframework.org/schema/context/spring-context-3.2.xsd
    http://www.springframework.org/schema/jee http://www.springframework.org/schema/jee/spring-jee.xsd">


    <context:component-scan base-package="org.bittwit.postgresql.xml.test" />

  <!-- JDBC Data Source. It is assumed you have MySQL running on localhost port 3306 with 
       username root and blank password. Change below if it's not the case -->
 <bean id="myDataSource" class="org.apache.commons.dbcp.BasicDataSource" destroy-method="close">
    <property name="driverClassName" value="org.postgresql.Driver"/>
    <property name="url" value="jdbc:postgresql://localhost:5432/user_test_db"/>
    <property name="username" value="postgres"/>
    <property name="password" value="1234"/>
    <property name="validationQuery" value="SELECT 1"/>
  </bean>

    <bean id="entityManagerFactory"
        class="org.springframework.orm.jpa.LocalContainerEntityManagerFactoryBean">
        <property name="persistenceXmlLocation" value="classpath:META-INF/persistence.xml" />
        <property name="persistenceUnitName" value="myPersistenceUnit" />
        <property name="dataSource" ref="myDataSource" />
        <property name="jpaVendorAdapter" ref="jpaVendorAdapter" />
        <property name="jpaDialect" ref="jpaDialect" />
    </bean>
 
    <bean id="jpaVendorAdapter"
        class="org.springframework.orm.jpa.vendor.HibernateJpaVendorAdapter">
        <property name="databasePlatform" value="org.hibernate.dialect.PostgreSQLDialect" />
        <property name="showSql" value="true" />
    </bean>
 
    <bean id="jpaDialect" class="org.springframework.orm.jpa.vendor.HibernateJpaDialect" />
 
    <bean id="transactionManager" class="org.springframework.orm.jpa.JpaTransactionManager">
        <property name="entityManagerFactory" ref="entityManagerFactory" />
        <property name="dataSource" ref="myDataSource" />
        <property name="jpaDialect" ref="jpaDialect" />
    </bean>
 
    <tx:annotation-driven transaction-manager="transactionManager" />
</beans>